22-Mar-2021 16:07:17.413 정보 [main] org.apache.catalina.startup.VersionLoggerListener.log 서버 버전 이름:    Apache Tomcat/9.0.44
22-Mar-2021 16:07:17.425 정보 [main] org.apache.catalina.startup.VersionLoggerListener.log Server 빌드 시각:  Mar 4 2021 21:49:34 UTC
22-Mar-2021 16:07:17.425 정보 [main] org.apache.catalina.startup.VersionLoggerListener.log Server 버전 번호:  9.0.44.0
22-Mar-2021 16:07:17.426 정보 [main] org.apache.catalina.startup.VersionLoggerListener.log 운영체제 이름:     Windows 10
22-Mar-2021 16:07:17.426 정보 [main] org.apache.catalina.startup.VersionLoggerListener.log 운영체제 버전:     10.0
22-Mar-2021 16:07:17.426 정보 [main] org.apache.catalina.startup.VersionLoggerListener.log 아키텍처:          amd64
22-Mar-2021 16:07:17.427 정보 [main] org.apache.catalina.startup.VersionLoggerListener.log 자바 홈:           C:\Program Files\openjdk\java-1.8.0-openjdk-1.8.0.275-1\jre
22-Mar-2021 16:07:17.427 정보 [main] org.apache.catalina.startup.VersionLoggerListener.log JVM 버전:          1.8.0_275-b01
22-Mar-2021 16:07:17.427 정보 [main] org.apache.catalina.startup.VersionLoggerListener.log JVM 벤더:          ojdkbuild
22-Mar-2021 16:07:17.428 정보 [main] org.apache.catalina.startup.VersionLoggerListener.log CATALINA_BASE:     C:\dev\Workspaces\apache-tomcat-9.0.44
22-Mar-2021 16:07:17.428 정보 [main] org.apache.catalina.startup.VersionLoggerListener.log CATALINA_HOME:     C:\dev\Workspaces\apache-tomcat-9.0.44
22-Mar-2021 16:07:17.430 정보 [main] org.apache.catalina.startup.VersionLoggerListener.log 명령 행 아규먼트:  -Djava.util.logging.config.file=C:\dev\Workspaces\apache-tomcat-9.0.44\conf\logging.properties
22-Mar-2021 16:07:17.432 정보 [main] org.apache.catalina.startup.VersionLoggerListener.log 명령 행 아규먼트:  -Djava.util.logging.manager=org.apache.juli.ClassLoaderLogManager
22-Mar-2021 16:07:17.434 정보 [main] org.apache.catalina.startup.VersionLoggerListener.log 명령 행 아규먼트:  -Djdk.tls.ephemeralDHKeySize=2048
22-Mar-2021 16:07:17.440 정보 [main] org.apache.catalina.startup.VersionLoggerListener.log 명령 행 아규먼트:  -Djava.protocol.handler.pkgs=org.apache.catalina.webresources
22-Mar-2021 16:07:17.447 정보 [main] org.apache.catalina.startup.VersionLoggerListener.log 명령 행 아규먼트:  -Dignore.endorsed.dirs=
22-Mar-2021 16:07:17.450 정보 [main] org.apache.catalina.startup.VersionLoggerListener.log 명령 행 아규먼트:  -Dcatalina.base=C:\dev\Workspaces\apache-tomcat-9.0.44
22-Mar-2021 16:07:17.452 정보 [main] org.apache.catalina.startup.VersionLoggerListener.log 명령 행 아규먼트:  -Dcatalina.home=C:\dev\Workspaces\apache-tomcat-9.0.44
22-Mar-2021 16:07:17.455 정보 [main] org.apache.catalina.startup.VersionLoggerListener.log 명령 행 아규먼트:  -Djava.io.tmpdir=C:\dev\Workspaces\apache-tomcat-9.0.44\temp
22-Mar-2021 16:07:17.475 정보 [main] org.apache.catalina.core.AprLifecycleListener.lifecycleEvent 프로덕션 환경들에서 최적의 성능을 제공하는, APR 기반 Apache Tomcat Native 라이브러리가, 다음 java.library.path에서 발견되지 않습니다: [C:\Program Files\openjdk\java-1.8.0-openjdk-1.8.0.275-1\bin;C:\WINDOWS\Sun\Java\bin;C:\WINDOWS\system32;C:\WINDOWS;C:\oraclexe\app\oracle\product\11.2.0\server\bin;C:\Program Files\openjdk\java-1.8.0-openjdk-1.8.0.275-1\bin;C:\Program Files (x86)\Common Files\Oracle\Java\javapath;C:\Program Files (x86)\Intel\iCLS Client\;C:\Program Files\Intel\iCLS Client\;C:\Windows\system32;C:\Windows;C:\Windows\System32\Wbem;C:\Windows\System32\WindowsPowerShell\v1.0\;C:\Program Files (x86)\Intel\Intel(R) Management Engine Components\DAL;C:\Program Files\Intel\Intel(R) Management Engine Components\DAL;C:\Program Files (x86)\Intel\Intel(R) Management Engine Components\IPT;C:\Program Files\Intel\Intel(R) Management Engine Components\IPT;C:\Program Files (x86)\NVIDIA Corporation\PhysX\Common;C:\Program Files\dotnet\;C:\Program Files\Microsoft SQL Server\130\Tools\Binn\;C:\WINDOWS\system32;C:\WINDOWS;C:\WINDOWS\System32\Wbem;C:\WINDOWS\System32\WindowsPowerShell\v1.0\;C:\WINDOWS\System32\OpenSSH\;C:\Program Files\NVIDIA Corporation\NVIDIA NvDLISR;C:\WINDOWS\system32;C:\WINDOWS;C:\WINDOWS\System32\Wbem;C:\WINDOWS\System32\WindowsPowerShell\v1.0\;C:\WINDOWS\System32\OpenSSH\;C:\dev\Workspaces;C:\Program Files\Git\cmd;C:\Program Files\Docker\Docker\resources\bin;C:\ProgramData\DockerDesktop\version-bin;C:\Users\wsc03\AppData\Local\Programs\Python\Python39\Scripts\;C:\Users\wsc03\AppData\Local\Programs\Python\Python39\;C:\Users\wsc03\AppData\Local\Programs\Python\Python37-32\Scripts\;C:\Users\wsc03\AppData\Local\Programs\Python\Python37-32\;C:\Users\wsc03\AppData\Local\Microsoft\WindowsApps;C:\Program Files\Java\jdk-11.0.1\bin;C:\Users\wsc03\AppData\Local\GitHubDesktop\bin;;C:\Users\wsc03\AppData\Local\Programs\Microsoft VS Code\bin;.]
22-Mar-2021 16:07:17.957 정보 [main] org.apache.coyote.AbstractProtocol.init 프로토콜 핸들러 ["http-nio-8080"]을(를) 초기화합니다.
22-Mar-2021 16:07:19.161 심각 [main] org.apache.catalina.util.LifecycleBase.handleSubClassException 구성요소 [Connector[HTTP/1.1-8080]]을(를) 초기화하지 못했습니다.
	org.apache.catalina.LifecycleException: 프로토콜 핸들러 초기화가 실패했습니다.
		at org.apache.catalina.connector.Connector.initInternal(Connector.java:1049)
		at org.apache.catalina.util.LifecycleBase.init(LifecycleBase.java:136)
		at org.apache.catalina.core.StandardService.initInternal(StandardService.java:558)
		at org.apache.catalina.util.LifecycleBase.init(LifecycleBase.java:136)
		at org.apache.catalina.core.StandardServer.initInternal(StandardServer.java:1045)
		at org.apache.catalina.util.LifecycleBase.init(LifecycleBase.java:136)
		at org.apache.catalina.startup.Catalina.load(Catalina.java:724)
		at org.apache.catalina.startup.Catalina.load(Catalina.java:746)
		at sun.reflect.NativeMethodAccessorImpl.invoke0(Native Method)
		at sun.reflect.NativeMethodAccessorImpl.invoke(NativeMethodAccessorImpl.java:62)
		at sun.reflect.DelegatingMethodAccessorImpl.invoke(DelegatingMethodAccessorImpl.java:43)
		at java.lang.reflect.Method.invoke(Method.java:498)
		at org.apache.catalina.startup.Bootstrap.load(Bootstrap.java:302)
		at org.apache.catalina.startup.Bootstrap.main(Bootstrap.java:472)
	Caused by: java.net.BindException: Address already in use: bind
		at sun.nio.ch.Net.bind0(Native Method)
		at sun.nio.ch.Net.bind(Net.java:461)
		at sun.nio.ch.Net.bind(Net.java:453)
		at sun.nio.ch.ServerSocketChannelImpl.bind(ServerSocketChannelImpl.java:222)
		at org.apache.tomcat.util.net.NioEndpoint.initServerSocket(NioEndpoint.java:300)
		at org.apache.tomcat.util.net.NioEndpoint.bind(NioEndpoint.java:253)
		at org.apache.tomcat.util.net.AbstractEndpoint.bindWithCleanup(AbstractEndpoint.java:1204)
		at org.apache.tomcat.util.net.AbstractEndpoint.init(AbstractEndpoint.java:1217)
		at org.apache.coyote.AbstractProtocol.init(AbstractProtocol.java:603)
		at org.apache.coyote.http11.AbstractHttp11Protocol.init(AbstractHttp11Protocol.java:80)
		at org.apache.catalina.connector.Connector.initInternal(Connector.java:1046)
		... 13 more
22-Mar-2021 16:07:19.175 정보 [main] org.apache.catalina.startup.Catalina.load [2025] 밀리초 내에 서버가 초기화되었습니다.
22-Mar-2021 16:07:19.224 정보 [main] org.apache.catalina.core.StandardService.startInternal 서비스 [Catalina]을(를) 시작합니다.
22-Mar-2021 16:07:19.228 정보 [main] org.apache.catalina.core.StandardEngine.startInternal 서버 엔진을 시작합니다: [Apache Tomcat/9.0.44]
22-Mar-2021 16:07:19.245 정보 [main] org.apache.catalina.startup.HostConfig.deployDirectory 웹 애플리케이션 디렉토리 [C:\dev\Workspaces\apache-tomcat-9.0.44\webapps\docs]을(를) 배치합니다.
22-Mar-2021 16:07:19.619 정보 [main] org.apache.catalina.startup.HostConfig.deployDirectory 웹 애플리케이션 디렉토리 [C:\dev\Workspaces\apache-tomcat-9.0.44\webapps\docs]에 대한 배치가 [371] 밀리초에 완료되었습니다.
22-Mar-2021 16:07:19.628 정보 [main] org.apache.catalina.startup.HostConfig.deployDirectory 웹 애플리케이션 디렉토리 [C:\dev\Workspaces\apache-tomcat-9.0.44\webapps\examples]을(를) 배치합니다.
22-Mar-2021 16:07:20.312 정보 [main] org.apache.catalina.startup.HostConfig.deployDirectory 웹 애플리케이션 디렉토리 [C:\dev\Workspaces\apache-tomcat-9.0.44\webapps\examples]에 대한 배치가 [685] 밀리초에 완료되었습니다.
22-Mar-2021 16:07:20.315 정보 [main] org.apache.catalina.startup.HostConfig.deployDirectory 웹 애플리케이션 디렉토리 [C:\dev\Workspaces\apache-tomcat-9.0.44\webapps\host-manager]을(를) 배치합니다.
22-Mar-2021 16:07:20.361 정보 [main] org.apache.catalina.startup.HostConfig.deployDirectory 웹 애플리케이션 디렉토리 [C:\dev\Workspaces\apache-tomcat-9.0.44\webapps\host-manager]에 대한 배치가 [47] 밀리초에 완료되었습니다.
22-Mar-2021 16:07:20.366 정보 [main] org.apache.catalina.startup.HostConfig.deployDirectory 웹 애플리케이션 디렉토리 [C:\dev\Workspaces\apache-tomcat-9.0.44\webapps\manager]을(를) 배치합니다.
22-Mar-2021 16:07:20.414 정보 [main] org.apache.catalina.startup.HostConfig.deployDirectory 웹 애플리케이션 디렉토리 [C:\dev\Workspaces\apache-tomcat-9.0.44\webapps\manager]에 대한 배치가 [48] 밀리초에 완료되었습니다.
22-Mar-2021 16:07:20.419 정보 [main] org.apache.catalina.startup.HostConfig.deployDirectory 웹 애플리케이션 디렉토리 [C:\dev\Workspaces\apache-tomcat-9.0.44\webapps\ROOT]을(를) 배치합니다.
22-Mar-2021 16:07:20.475 정보 [main] org.apache.catalina.startup.HostConfig.deployDirectory 웹 애플리케이션 디렉토리 [C:\dev\Workspaces\apache-tomcat-9.0.44\webapps\ROOT]에 대한 배치가 [55] 밀리초에 완료되었습니다.
22-Mar-2021 16:07:20.483 정보 [main] org.apache.catalina.startup.Catalina.start 서버가 [1302] 밀리초 내에 시작되었습니다.
22-Mar-2021 16:11:31.955 정보 [main] org.apache.catalina.startup.VersionLoggerListener.log 서버 버전 이름:    Apache Tomcat/9.0.44
22-Mar-2021 16:11:31.960 정보 [main] org.apache.catalina.startup.VersionLoggerListener.log Server 빌드 시각:  Mar 4 2021 21:49:34 UTC
22-Mar-2021 16:11:31.961 정보 [main] org.apache.catalina.startup.VersionLoggerListener.log Server 버전 번호:  9.0.44.0
22-Mar-2021 16:11:31.961 정보 [main] org.apache.catalina.startup.VersionLoggerListener.log 운영체제 이름:     Windows 10
22-Mar-2021 16:11:31.961 정보 [main] org.apache.catalina.startup.VersionLoggerListener.log 운영체제 버전:     10.0
22-Mar-2021 16:11:31.961 정보 [main] org.apache.catalina.startup.VersionLoggerListener.log 아키텍처:          amd64
22-Mar-2021 16:11:31.962 정보 [main] org.apache.catalina.startup.VersionLoggerListener.log 자바 홈:           C:\Program Files\openjdk\java-1.8.0-openjdk-1.8.0.275-1\jre
22-Mar-2021 16:11:31.962 정보 [main] org.apache.catalina.startup.VersionLoggerListener.log JVM 버전:          1.8.0_275-b01
22-Mar-2021 16:11:31.962 정보 [main] org.apache.catalina.startup.VersionLoggerListener.log JVM 벤더:          ojdkbuild
22-Mar-2021 16:11:31.963 정보 [main] org.apache.catalina.startup.VersionLoggerListener.log CATALINA_BASE:     C:\dev\Workspaces\apache-tomcat-9.0.44
22-Mar-2021 16:11:31.963 정보 [main] org.apache.catalina.startup.VersionLoggerListener.log CATALINA_HOME:     C:\dev\Workspaces\apache-tomcat-9.0.44
22-Mar-2021 16:11:31.967 정보 [main] org.apache.catalina.startup.VersionLoggerListener.log 명령 행 아규먼트:  -Djava.util.logging.config.file=C:\dev\Workspaces\apache-tomcat-9.0.44\conf\logging.properties
22-Mar-2021 16:11:31.970 정보 [main] org.apache.catalina.startup.VersionLoggerListener.log 명령 행 아규먼트:  -Djava.util.logging.manager=org.apache.juli.ClassLoaderLogManager
22-Mar-2021 16:11:31.974 정보 [main] org.apache.catalina.startup.VersionLoggerListener.log 명령 행 아규먼트:  -Djdk.tls.ephemeralDHKeySize=2048
22-Mar-2021 16:11:31.977 정보 [main] org.apache.catalina.startup.VersionLoggerListener.log 명령 행 아규먼트:  -Djava.protocol.handler.pkgs=org.apache.catalina.webresources
22-Mar-2021 16:11:31.978 정보 [main] org.apache.catalina.startup.VersionLoggerListener.log 명령 행 아규먼트:  -Dignore.endorsed.dirs=
22-Mar-2021 16:11:31.982 정보 [main] org.apache.catalina.startup.VersionLoggerListener.log 명령 행 아규먼트:  -Dcatalina.base=C:\dev\Workspaces\apache-tomcat-9.0.44
22-Mar-2021 16:11:31.984 정보 [main] org.apache.catalina.startup.VersionLoggerListener.log 명령 행 아규먼트:  -Dcatalina.home=C:\dev\Workspaces\apache-tomcat-9.0.44
22-Mar-2021 16:11:31.984 정보 [main] org.apache.catalina.startup.VersionLoggerListener.log 명령 행 아규먼트:  -Djava.io.tmpdir=C:\dev\Workspaces\apache-tomcat-9.0.44\temp
22-Mar-2021 16:11:32.006 정보 [main] org.apache.catalina.core.AprLifecycleListener.lifecycleEvent 프로덕션 환경들에서 최적의 성능을 제공하는, APR 기반 Apache Tomcat Native 라이브러리가, 다음 java.library.path에서 발견되지 않습니다: [C:\Program Files\openjdk\java-1.8.0-openjdk-1.8.0.275-1\bin;C:\WINDOWS\Sun\Java\bin;C:\WINDOWS\system32;C:\WINDOWS;C:\oraclexe\app\oracle\product\11.2.0\server\bin;C:\Program Files\openjdk\java-1.8.0-openjdk-1.8.0.275-1\bin;C:\Program Files (x86)\Common Files\Oracle\Java\javapath;C:\Program Files (x86)\Intel\iCLS Client\;C:\Program Files\Intel\iCLS Client\;C:\Windows\system32;C:\Windows;C:\Windows\System32\Wbem;C:\Windows\System32\WindowsPowerShell\v1.0\;C:\Program Files (x86)\Intel\Intel(R) Management Engine Components\DAL;C:\Program Files\Intel\Intel(R) Management Engine Components\DAL;C:\Program Files (x86)\Intel\Intel(R) Management Engine Components\IPT;C:\Program Files\Intel\Intel(R) Management Engine Components\IPT;C:\Program Files (x86)\NVIDIA Corporation\PhysX\Common;C:\Program Files\dotnet\;C:\Program Files\Microsoft SQL Server\130\Tools\Binn\;C:\WINDOWS\system32;C:\WINDOWS;C:\WINDOWS\System32\Wbem;C:\WINDOWS\System32\WindowsPowerShell\v1.0\;C:\WINDOWS\System32\OpenSSH\;C:\Program Files\NVIDIA Corporation\NVIDIA NvDLISR;C:\WINDOWS\system32;C:\WINDOWS;C:\WINDOWS\System32\Wbem;C:\WINDOWS\System32\WindowsPowerShell\v1.0\;C:\WINDOWS\System32\OpenSSH\;C:\dev\Workspaces;C:\Program Files\Git\cmd;C:\Program Files\Docker\Docker\resources\bin;C:\ProgramData\DockerDesktop\version-bin;C:\Users\wsc03\AppData\Local\Programs\Python\Python39\Scripts\;C:\Users\wsc03\AppData\Local\Programs\Python\Python39\;C:\Users\wsc03\AppData\Local\Programs\Python\Python37-32\Scripts\;C:\Users\wsc03\AppData\Local\Programs\Python\Python37-32\;C:\Users\wsc03\AppData\Local\Microsoft\WindowsApps;C:\Program Files\Java\jdk-11.0.1\bin;C:\Users\wsc03\AppData\Local\GitHubDesktop\bin;;C:\Users\wsc03\AppData\Local\Programs\Microsoft VS Code\bin;.]
22-Mar-2021 16:11:32.429 정보 [main] org.apache.coyote.AbstractProtocol.init 프로토콜 핸들러 ["http-nio-9090"]을(를) 초기화합니다.
22-Mar-2021 16:11:33.709 정보 [main] org.apache.catalina.startup.Catalina.load [2038] 밀리초 내에 서버가 초기화되었습니다.
22-Mar-2021 16:11:33.748 정보 [main] org.apache.catalina.core.StandardService.startInternal 서비스 [Catalina]을(를) 시작합니다.
22-Mar-2021 16:11:33.752 정보 [main] org.apache.catalina.core.StandardEngine.startInternal 서버 엔진을 시작합니다: [Apache Tomcat/9.0.44]
22-Mar-2021 16:11:33.768 정보 [main] org.apache.catalina.startup.HostConfig.deployDirectory 웹 애플리케이션 디렉토리 [C:\dev\Workspaces\apache-tomcat-9.0.44\webapps\docs]을(를) 배치합니다.
22-Mar-2021 16:11:34.094 정보 [main] org.apache.catalina.startup.HostConfig.deployDirectory 웹 애플리케이션 디렉토리 [C:\dev\Workspaces\apache-tomcat-9.0.44\webapps\docs]에 대한 배치가 [324] 밀리초에 완료되었습니다.
22-Mar-2021 16:11:34.098 정보 [main] org.apache.catalina.startup.HostConfig.deployDirectory 웹 애플리케이션 디렉토리 [C:\dev\Workspaces\apache-tomcat-9.0.44\webapps\examples]을(를) 배치합니다.
22-Mar-2021 16:11:34.801 정보 [main] org.apache.catalina.startup.HostConfig.deployDirectory 웹 애플리케이션 디렉토리 [C:\dev\Workspaces\apache-tomcat-9.0.44\webapps\examples]에 대한 배치가 [702] 밀리초에 완료되었습니다.
22-Mar-2021 16:11:34.808 정보 [main] org.apache.catalina.startup.HostConfig.deployDirectory 웹 애플리케이션 디렉토리 [C:\dev\Workspaces\apache-tomcat-9.0.44\webapps\host-manager]을(를) 배치합니다.
22-Mar-2021 16:11:34.869 정보 [main] org.apache.catalina.startup.HostConfig.deployDirectory 웹 애플리케이션 디렉토리 [C:\dev\Workspaces\apache-tomcat-9.0.44\webapps\host-manager]에 대한 배치가 [61] 밀리초에 완료되었습니다.
22-Mar-2021 16:11:34.873 정보 [main] org.apache.catalina.startup.HostConfig.deployDirectory 웹 애플리케이션 디렉토리 [C:\dev\Workspaces\apache-tomcat-9.0.44\webapps\manager]을(를) 배치합니다.
22-Mar-2021 16:11:34.927 정보 [main] org.apache.catalina.startup.HostConfig.deployDirectory 웹 애플리케이션 디렉토리 [C:\dev\Workspaces\apache-tomcat-9.0.44\webapps\manager]에 대한 배치가 [53] 밀리초에 완료되었습니다.
22-Mar-2021 16:11:34.931 정보 [main] org.apache.catalina.startup.HostConfig.deployDirectory 웹 애플리케이션 디렉토리 [C:\dev\Workspaces\apache-tomcat-9.0.44\webapps\ROOT]을(를) 배치합니다.
22-Mar-2021 16:11:34.971 정보 [main] org.apache.catalina.startup.HostConfig.deployDirectory 웹 애플리케이션 디렉토리 [C:\dev\Workspaces\apache-tomcat-9.0.44\webapps\ROOT]에 대한 배치가 [41] 밀리초에 완료되었습니다.
22-Mar-2021 16:11:34.979 정보 [main] org.apache.coyote.AbstractProtocol.start 프로토콜 핸들러 ["http-nio-9090"]을(를) 시작합니다.
22-Mar-2021 16:11:34.995 정보 [main] org.apache.catalina.startup.Catalina.start 서버가 [1279] 밀리초 내에 시작되었습니다.
